<?xml version="1.0" encoding="utf-8"?><testsuites name="pytest tests"><testsuite name="pytest" errors="0" failures="1" skipped="0" tests="19" time="7.220" timestamp="2026-06-11T07:50:34.858335+00:00" hostname="agent-env-9a858129-d5f1-4916-9eea-27b46308b2ef"><testcase classname="backend.tests.backend_test.TestProducts" name="test_list_products" time="0.270" /><testcase classname="backend.tests.backend_test.TestProducts" name="test_get_product" time="0.044" /><testcase classname="backend.tests.backend_test.TestProducts" name="test_get_product_404" time="0.041" /><testcase classname="backend.tests.backend_test.TestAuth" name="test_login_seeded_user" time="0.280" /><testcase classname="backend.tests.backend_test.TestAuth" name="test_me_with_cookies" time="0.451" /><testcase classname="backend.tests.backend_test.TestAuth" name="test_me_unauthenticated" time="0.104" /><testcase classname="backend.tests.backend_test.TestAuth" name="test_login_wrong_password" time="0.042" /><testcase classname="backend.tests.backend_test.TestAuth" name="test_register_and_me" time="0.441" /><testcase classname="backend.tests.backend_test.TestAuth" name="test_register_duplicate" time="0.046" /><testcase classname="backend.tests.backend_test.TestAuth" name="test_bearer_token_auth" time="0.465" /><testcase classname="backend.tests.backend_test.TestAuth" name="test_lockout_after_5_failures" time="2.359"><failure message="AssertionError: Expected 429 lockout got 401: {&quot;detail&quot;:&quot;Invalid email or password&quot;}&#10;assert 401 == 429&#10; +  where 401 = &lt;Response [401]&gt;.status_code">backend/tests/backend_test.py:151: in test_lockout_after_5_failures
    assert r6.status_code == 429, f"Expected 429 lockout got {r6.status_code}: {r6.text}"
E   AssertionError: Expected 429 lockout got 401: {"detail":"Invalid email or password"}
E   assert 401 == 429
E    +  where 401 = &lt;Response [401]&gt;.status_code</failure></testcase><testcase classname="backend.tests.backend_test.TestGoogleSessionInfra" name="test_session_token_bearer_auth" time="1.115" /><testcase classname="backend.tests.backend_test.TestOrders" name="test_orders_requires_auth" time="0.121" /><testcase classname="backend.tests.backend_test.TestOrders" name="test_create_demo_order_under_100" time="0.101" /><testcase classname="backend.tests.backend_test.TestOrders" name="test_create_demo_order_over_100_free_shipping" time="0.054" /><testcase classname="backend.tests.backend_test.TestOrders" name="test_list_orders" time="0.051" /><testcase classname="backend.tests.backend_test.TestOrders" name="test_tracking_paid_order" time="0.105" /><testcase classname="backend.tests.backend_test.TestStripe" name="test_checkout_session_creates" time="0.833" /><testcase classname="backend.tests.backend_test.TestStripe" name="test_checkout_requires_auth" time="0.102" /></testsuite></testsuites>